[INFO] 2025-11-29 05:26:43 Logger initialised in  mode
[INFO] 2025-11-29 05:26:43 Starting demo...
[DBUG] 2025-11-29 05:26:43 Debugging active
[INFO] 2025-11-29 05:26:43 Database queries initialized successfully: true
[INFO] 2025-11-29 05:28:04 Logger initialised in  mode
[INFO] 2025-11-29 05:28:04 Starting demo...
[DBUG] 2025-11-29 05:28:04 Debugging active
[INFO] 2025-11-29 05:28:04 Database queries initialized successfully: true
[INFO] 2025-11-29 05:28:19 Logger initialised in  mode
[INFO] 2025-11-29 05:28:19 Starting demo...
[DBUG] 2025-11-29 05:28:19 Debugging active
[INFO] 2025-11-29 05:28:19 Database queries initialized successfully: true
[INFO] 2025-11-29 05:28:26 Logger initialised in  mode
[INFO] 2025-11-29 05:28:26 Starting API...
[DBUG] 2025-11-29 05:28:26 Debugging active
[INFO] 2025-11-29 05:28:26 Database queries initialized successfully: true
[INFO] 2025-12-07 22:21:01 Logger initialised in  mode
[INFO] 2025-12-07 22:21:01 Starting API...
[DBUG] 2025-12-07 22:21:01 Debugging active
[INFO] 2025-12-07 22:22:08 Logger initialised in  mode
[INFO] 2025-12-07 22:22:08 Starting API...
[DBUG] 2025-12-07 22:22:08 Debugging active
[INFO] 2025-12-07 22:22:08 Database queries initialised successfully: true
[INFO] 2025-12-10 05:27:05 Logger initialised in  mode
[INFO] 2025-12-10 05:27:05 Starting API...
[DBUG] 2025-12-10 05:27:05 Debugging active
[INFO] 2025-12-10 05:27:05 Database queries initialised successfully: true
[INFO] 2025-12-10 05:27:25 Logger initialised in  mode
[INFO] 2025-12-10 05:27:25 Starting API...
[DBUG] 2025-12-10 05:27:25 Debugging active
[INFO] 2025-12-10 05:27:25 Database queries initialised successfully: true
[INFO] 2025-12-10 05:57:59 Logger initialised in  mode
[INFO] 2025-12-10 05:57:59 Starting API...
[DBUG] 2025-12-10 05:57:59 Debugging active
[INFO] 2025-12-10 05:57:59 Database queries initialised successfully: true
[INFO] 2025-12-11 22:38:51 Logger initialised in  mode
[INFO] 2025-12-11 22:38:51 Starting API...
[DBUG] 2025-12-11 22:38:51 Debugging active
[INFO] 2025-12-11 22:38:51 Database queries initialised successfully: true
[INFO] 2025-12-11 23:05:57 Logger initialised in  mode
[INFO] 2025-12-11 23:05:57 Starting API...
[DBUG] 2025-12-11 23:05:57 Debugging active
[INFO] 2025-12-11 23:05:57 Database queries initialised successfully: true
